(---------------------------------------------------------------------)
(                                                                     )
(    Allegro Netrev Import Logic                                      )
(                                                                     )
(    Drawing          : NISIPEANU_ALEXANDRU_P1_N15.brd                )
(    Software Version : 17.2S025                                      )
(    Date/Time        : Mon Dec 02 02:47:55 2024                      )
(                                                                     )
(---------------------------------------------------------------------)


------ Directives ------------

Ripup etch:                  No
Ripup delete first segment:  No
Ripup retain bondwire:       No
Ripup symbols:               Always
Missing symbol has error:    No
DRC update:                  Yes
Schematic directory:         'D:\APLICATII\P1_2024_431E_NISIPEANU_ALEXANDRU_COSMIN_OW_N15_ORCAD\SCHEMATICS\allegro'
Design Directory:            'D:/APLICATII/P1_2024_431E_NISIPEANU_ALEXANDRU_COSMIN_OW_N15_ORCAD/SCHEMATICS/allegro'
Old design name:             'D:/APLICATII/P1_2024_431E_NISIPEANU_ALEXANDRU_COSMIN_OW_N15_ORCAD/SCHEMATICS/allegro/NISIPEANU_ALEXANDRU_P1_N15.brd'
New design name:             'D:/APLICATII/P1_2024_431E_NISIPEANU_ALEXANDRU_COSMIN_OW_N15_ORCAD/SCHEMATICS/allegro/NISIPEANU_ALEXANDRU_P1_N15.brd'

CmdLine: netrev.exe -y 1 -n -i D:\APLICATII\P1_2024_431E_NISIPEANU_ALEXANDRU_COSMIN_OW_N15_ORCAD\SCHEMATICS\allegro D:\APLICATII\P1_2024_431E_NISIPEANU_ALEXANDRU_COSMIN_OW_N15_ORCAD\SCHEMATICS\allegro\NISIPEANU_ALEXANDRU_P1_N15.brd D:\APLICATII\P1_2024_431E_NISIPEANU_ALEXANDRU_COSMIN_OW_N15_ORCAD\SCHEMATICS\allegro\NISIPEANU_ALEXANDRU_P1_N15.brd

------ Preparing to read pst files ------

Starting to read D:/APLICATII/P1_2024_431E_NISIPEANU_ALEXANDRU_COSMIN_OW_N15_ORCAD/SCHEMATICS/allegro/pstchip.dat 
   Finished reading D:/APLICATII/P1_2024_431E_NISIPEANU_ALEXANDRU_COSMIN_OW_N15_ORCAD/SCHEMATICS/allegro/pstchip.dat (00:00:00.04)
Starting to read D:/APLICATII/P1_2024_431E_NISIPEANU_ALEXANDRU_COSMIN_OW_N15_ORCAD/SCHEMATICS/allegro/pstxprt.dat 
   Finished reading D:/APLICATII/P1_2024_431E_NISIPEANU_ALEXANDRU_COSMIN_OW_N15_ORCAD/SCHEMATICS/allegro/pstxprt.dat (00:00:00.00)
Starting to read D:/APLICATII/P1_2024_431E_NISIPEANU_ALEXANDRU_COSMIN_OW_N15_ORCAD/SCHEMATICS/allegro/pstxnet.dat 
   Finished reading D:/APLICATII/P1_2024_431E_NISIPEANU_ALEXANDRU_COSMIN_OW_N15_ORCAD/SCHEMATICS/allegro/pstxnet.dat (00:00:00.00)

------ Oversights/Warnings/Errors ------


------ Library Paths ------
MODULEPATH =  . 
           D:/downloads/ORCAD/share/local/pcb/modules 

PSMPATH =  . 
           symbols 
           .. 
           ../symbols 
           D:/downloads/ORCAD/share/local/pcb/symbols 
           D:/downloads/ORCAD/share/pcb/pcb_lib/symbols 
           D:/downloads/ORCAD/share/pcb/allegrolib/symbols 

PADPATH =  . 
           symbols 
           .. 
           ../symbols 
           D:/downloads/ORCAD/share/local/pcb/padstacks 
           D:/downloads/ORCAD/share/pcb/pcb_lib/symbols 
           D:/downloads/ORCAD/share/pcb/allegrolib/symbols 


------ Summary Statistics ------


netrev run on Dec 2 2:47:55 2024
   DESIGN NAME : 'NISIPEANU_ALEXANDRU_P1_N15'
   PACKAGING ON Jul 30 2017 03:29:02

   COMPILE 'logic'
   CHECK_PIN_NAMES OFF
   CROSS_REFERENCE OFF
   FEEDBACK OFF
   INCREMENTAL OFF
   INTERFACE_TYPE PHYSICAL
   MAX_ERRORS 500
   MERGE_MINIMUM 5
   NET_NAME_CHARS '#%&()*+-./:=>?@[]^_`|'
   NET_NAME_LENGTH 24
   OVERSIGHTS ON
   REPLACE_CHECK OFF
   SINGLE_NODE_NETS ON
   SPLIT_MINIMUM 0
   SUPPRESS   20
   WARNINGS ON

 No error detected
 No oversight detected
 No warning detected

cpu time      0:00:50
elapsed time  0:00:01

